<?xml version="1.0" encoding="UTF-8"?>
<!-- Generated by org.testng.reporters.JUnitReportReporter -->
<testsuite skipped="0" hostname="DESKTOP-84CJOHJ" name="org.testNGPractice2.AccountManagerEx1" tests="3" failures="0" timestamp="2022-08-11T20:30:25 IST" time="0.014" errors="0">
  <testcase name="updateAccount" time="0.003" classname="org.testNGPractice2.AccountManagerEx1"/>
  <system-out/>
  <testcase name="createAccountr" time="0.009" classname="org.testNGPractice2.AccountManagerEx1"/>
  <system-out/>
  <testcase name="deleteAccount" time="0.002" classname="org.testNGPractice2.AccountManagerEx1"/>
  <system-out/>
</testsuite> <!-- org.testNGPractice2.AccountManagerEx1 -->
