<?xml version="1.0" encoding="UTF-8"?>
<!-- Generated by org.testng.reporters.JUnitReportReporter -->
<testsuite skipped="0" hostname="DESKTOP-84CJOHJ" name="org.TestNGEx.AnotationEx1" tests="1" failures="0" timestamp="2022-07-30T16:13:28 IST" time="0.010" errors="0">
  <testcase name="Test5" time="0.010" classname="org.TestNGEx.AnotationEx1"/>
  <system-out/>
</testsuite> <!-- org.TestNGEx.AnotationEx1 -->
