<?xml version="1.0" encoding="UTF-8"?>
<!-- Generated by org.testng.reporters.JUnitReportReporter -->
<testsuite skipped="0" hostname="DESKTOP-84CJOHJ" name="org.testNGPracticeEx3.GroupingEx" tests="2" failures="0" timestamp="2022-08-11T20:41:40 IST" time="0.013" errors="0">
  <testcase name="test7" time="0.002" classname="org.testNGPracticeEx3.GroupingEx"/>
  <system-out/>
  <testcase name="test5" time="0.011" classname="org.testNGPracticeEx3.GroupingEx"/>
  <system-out/>
</testsuite> <!-- org.testNGPracticeEx3.GroupingEx -->
