<?xml version="1.0" encoding="UTF-8"?>
<!-- Generated by org.testng.reporters.JUnitReportReporter -->
<testsuite skipped="0" hostname="DESKTOP-84CJOHJ" name="org.TestNGEx.AnotationEx2" tests="1" failures="0" timestamp="2022-07-30T16:47:30 IST" time="0.554" errors="0">
  <testcase name="test2" time="0.554" classname="org.TestNGEx.AnotationEx2"/>
  <system-out/>
</testsuite> <!-- org.TestNGEx.AnotationEx2 -->
