<?xml version="1.0" encoding="UTF-8"?>
<!-- Generated by org.testng.reporters.JUnitReportReporter -->
<testsuite skipped="0" hostname="DESKTOP-84CJOHJ" name="org.testNGEx3.ParallelMethodEx3" tests="2" failures="0" timestamp="2022-09-07T19:58:18 IST" time="24.830" errors="0">
  <testcase name="orangeHRMCH" time="9.403" classname="org.testNGEx3.ParallelMethodEx3"/>
  <system-out/>
  <testcase name="redbusEdge" time="15.427" classname="org.testNGEx3.ParallelMethodEx3"/>
  <system-out/>
</testsuite> <!-- org.testNGEx3.ParallelMethodEx3 -->
