<?xml version="1.0" encoding="UTF-8"?>
<!-- Generated by org.testng.reporters.JUnitReportReporter -->
<testsuite skipped="0" hostname="DESKTOP-84CJOHJ" name="org.testNGEx2.CustomerTC2" tests="3" failures="0" timestamp="2022-09-07T19:36:13 IST" time="0.010" errors="0">
  <testcase name="updateCustomer" time="0.001" classname="org.testNGEx2.CustomerTC2"/>
  <system-out/>
  <testcase name="creatCustomer" time="0.007" classname="org.testNGEx2.CustomerTC2"/>
  <system-out/>
  <testcase name="deleteCustomer" time="0.002" classname="org.testNGEx2.CustomerTC2"/>
  <system-out/>
</testsuite> <!-- org.testNGEx2.CustomerTC2 -->
