<?xml version="1.0" encoding="UTF-8"?>
<!-- Generated by org.testng.reporters.JUnitReportReporter -->
<testsuite skipped="0" hostname="DESKTOP-84CJOHJ" name="org.testNGPracticeEx3.InvocationCountEx1" tests="3" failures="0" timestamp="2022-08-04T22:47:23 IST" time="81.785" errors="0">
  <testcase name="creatCustomer" time="30.054" classname="org.testNGPracticeEx3.InvocationCountEx1"/>
  <system-out/>
  <testcase name="creatCustomer" time="21.724" classname="org.testNGPracticeEx3.InvocationCountEx1"/>
  <system-out/>
  <testcase name="creatCustomer" time="30.007" classname="org.testNGPracticeEx3.InvocationCountEx1"/>
  <system-out/>
</testsuite> <!-- org.testNGPracticeEx3.InvocationCountEx1 -->
