<?xml version="1.0" encoding="UTF-8"?>
<!-- Generated by org.testng.reporters.JUnitReportReporter -->
<testsuite skipped="0" hostname="DESKTOP-84CJOHJ" name="org.testNGEx3.InvocationCountEx" tests="3" failures="0" timestamp="2022-09-06T16:14:29 IST" time="36.790" errors="0">
  <testcase name="validateDashboardTitle" time="13.923" classname="org.testNGEx3.InvocationCountEx"/>
  <system-out/>
  <testcase name="validateDashboardTitle" time="6.409" classname="org.testNGEx3.InvocationCountEx"/>
  <system-out/>
  <testcase name="validateDashboardTitle" time="16.458" classname="org.testNGEx3.InvocationCountEx"/>
  <system-out/>
</testsuite> <!-- org.testNGEx3.InvocationCountEx -->
