<?xml version="1.0" encoding="UTF-8"?>
<!-- Generated by org.testng.reporters.JUnitReportReporter -->
<testsuite skipped="2" hostname="DESKTOP-84CJOHJ" name="org.testNGEx3.EnabledEx1" tests="8" failures="0" timestamp="2022-08-15T01:25:17 IST" time="0.020" errors="0">
  <testcase name="login" time="0.011" classname="org.testNGEx3.EnabledEx1"/>
  <system-out/>
  <testcase name="creatCustomer" time="0.002" classname="org.testNGEx3.EnabledEx1"/>
  <system-out/>
  <testcase name="CreatCustomer" time="0.002" classname="org.testNGEx3.EnabledEx1"/>
  <system-out/>
  <testcase name="UpdateCustomer" time="0.001" classname="org.testNGEx3.EnabledEx1"/>
  <system-out/>
  <testcase name="updateCustomer" time="0.003" classname="org.testNGEx3.EnabledEx1"/>
  <system-out/>
  <testcase name="logout" time="0.001" classname="org.testNGEx3.EnabledEx1"/>
  <system-out/>
  <testcase name="DeleteCustomer" classname="org.testNGEx3.EnabledEx1">
    <skipped/>
  </testcase> <!-- DeleteCustomer -->
  <system-out/>
  <testcase name="deleteCustomer" classname="org.testNGEx3.EnabledEx1">
    <skipped/>
  </testcase> <!-- deleteCustomer -->
  <system-out/>
</testsuite> <!-- org.testNGEx3.EnabledEx1 -->
