<?xml version="1.0" encoding="UTF-8"?>
<!-- Generated by org.testng.reporters.JUnitReportReporter -->
<testsuite skipped="0" hostname="DESKTOP-84CJOHJ" name="org.testNGEx1.Ex2" tests="2" failures="0" timestamp="2022-09-07T19:09:39 IST" time="0.012" errors="0">
  <testcase name="test3" time="0.002" classname="org.testNGEx1.Ex2"/>
  <system-out/>
  <testcase name="test1" time="0.010" classname="org.testNGEx1.Ex2"/>
  <system-out/>
</testsuite> <!-- org.testNGEx1.Ex2 -->
