<?xml version="1.0" encoding="UTF-8"?>
<!-- Generated by org.testng.reporters.JUnitReportReporter -->
<testsuite skipped="0" hostname="DESKTOP-84CJOHJ" name="org.toolsQAListeners.ListenersTestNG2" tests="4" failures="0" timestamp="2022-09-08T22:27:49 IST" time="0.027" errors="0">
  <testcase name="AccountTest" time="0.005" classname="org.toolsQAListeners.ListenersTestNG2"/>
  <system-out>
    <![CDATA[On Test START : AccountTest
On Test SUCCESS : AccountTest]]>
  </system-out>
  <testcase name="AccountTest" time="0.002" classname="org.toolsQAListeners.ListenersTestNG2"/>
  <system-out>
    <![CDATA[On Test START : AccountTest
On Test SUCCESS : AccountTest]]>
  </system-out>
  <testcase name="AccountTest" time="0.018" classname="org.toolsQAListeners.ListenersTestNG2"/>
  <system-out>
    <![CDATA[On Test START : AccountTest
On Test SUCCESS : AccountTest]]>
  </system-out>
  <testcase name="AccountTest" time="0.002" classname="org.toolsQAListeners.ListenersTestNG2"/>
  <system-out>
    <![CDATA[On Test START : AccountTest
On Test SUCCESS : AccountTest]]>
  </system-out>
</testsuite> <!-- org.toolsQAListeners.ListenersTestNG2 -->
