<?xml version="1.0" encoding="UTF-8"?>
<!-- Generated by org.testng.reporters.JUnitReportReporter -->
<testsuite skipped="0" hostname="DESKTOP-84CJOHJ" name="org.testNGEx1.PriorityEx1" tests="8" failures="0" timestamp="2022-08-11T17:36:07 IST" time="0.025" errors="0">
  <testcase name="login" time="0.011" classname="org.testNGEx1.PriorityEx1"/>
  <system-out/>
  <testcase name="creatCustomer" time="0.001" classname="org.testNGEx1.PriorityEx1"/>
  <system-out/>
  <testcase name="CreatCustomer" time="0.002" classname="org.testNGEx1.PriorityEx1"/>
  <system-out/>
  <testcase name="deleteCustomer" time="0.002" classname="org.testNGEx1.PriorityEx1"/>
  <system-out/>
  <testcase name="updateCustomer" time="0.002" classname="org.testNGEx1.PriorityEx1"/>
  <system-out/>
  <testcase name="UpdateCustomer" time="0.003" classname="org.testNGEx1.PriorityEx1"/>
  <system-out/>
  <testcase name="DeleteCustomer" time="0.002" classname="org.testNGEx1.PriorityEx1"/>
  <system-out/>
  <testcase name="logout" time="0.002" classname="org.testNGEx1.PriorityEx1"/>
  <system-out/>
</testsuite> <!-- org.testNGEx1.PriorityEx1 -->
