<?xml version="1.0" encoding="UTF-8"?>
<!-- Generated by org.testng.reporters.JUnitReportReporter -->
<testsuite skipped="0" hostname="DESKTOP-84CJOHJ" name="org.POM_TestCases.FacebookTestCase" tests="1" failures="0" timestamp="2022-09-18T12:02:12 IST" time="21.034" errors="0">
  <testcase name="login" time="21.034" classname="org.POM_TestCases.FacebookTestCase"/>
  <system-out/>
</testsuite> <!-- org.POM_TestCases.FacebookTestCase -->
