<?xml version="1.0" encoding="UTF-8"?>
<!-- Generated by org.testng.reporters.JUnitReportReporter -->
<testsuite skipped="0" hostname="DESKTOP-84CJOHJ" name="org.testNGPractice2.UserManagerEx2" tests="3" failures="0" timestamp="2022-08-13T18:54:00 IST" time="0.029" errors="0">
  <testcase name="createCustomer" time="0.017" classname="org.testNGPractice2.UserManagerEx2"/>
  <system-out/>
  <testcase name="deleteCustomer" time="0.002" classname="org.testNGPractice2.UserManagerEx2"/>
  <system-out/>
  <testcase name="updateCustomer" time="0.010" classname="org.testNGPractice2.UserManagerEx2"/>
  <system-out/>
</testsuite> <!-- org.testNGPractice2.UserManagerEx2 -->
