<?xml version="1.0" encoding="UTF-8"?>
<!-- Generated by org.testng.reporters.JUnitReportReporter -->
<testsuite skipped="0" hostname="DESKTOP-84CJOHJ" name="org.TestNGEx.Ex1" tests="5" failures="0" timestamp="2022-07-31T08:45:33 IST" time="0.038" errors="0">
  <testcase name="test2" time="0.003" classname="org.TestNGEx.Ex1"/>
  <system-out/>
  <testcase name="test5" time="0.013" classname="org.TestNGEx.Ex1"/>
  <system-out/>
  <testcase name="test1" time="0.012" classname="org.TestNGEx.Ex1"/>
  <system-out/>
  <testcase name="test4" time="0.003" classname="org.TestNGEx.Ex1"/>
  <system-out/>
  <testcase name="test3" time="0.007" classname="org.TestNGEx.Ex1"/>
  <system-out/>
</testsuite> <!-- org.TestNGEx.Ex1 -->
