<?xml version="1.0" encoding="UTF-8"?>
<!-- Generated by org.testng.reporters.JUnitReportReporter -->
<testsuite skipped="0" hostname="DESKTOP-84CJOHJ" name="org.testNGPractice2.UserManagerEx1" tests="3" failures="0" timestamp="2022-08-11T20:30:25 IST" time="0.017" errors="0">
  <testcase name="updateCustomer" time="0.003" classname="org.testNGPractice2.UserManagerEx1"/>
  <system-out/>
  <testcase name="createCustomer" time="0.010" classname="org.testNGPractice2.UserManagerEx1"/>
  <system-out/>
  <testcase name="deleteCustomer" time="0.004" classname="org.testNGPractice2.UserManagerEx1"/>
  <system-out/>
</testsuite> <!-- org.testNGPractice2.UserManagerEx1 -->
