<?xml version="1.0" encoding="UTF-8"?>
<!-- Generated by org.testng.reporters.JUnitReportReporter -->
<testsuite skipped="0" hostname="DESKTOP-84CJOHJ" name="org.testNGEx3.ParallelMethodEx1" tests="2" failures="0" timestamp="2022-09-07T12:04:23 IST" time="24.376" errors="0">
  <testcase name="facebookEdge" time="10.722" classname="org.testNGEx3.ParallelMethodEx1"/>
  <system-out/>
  <testcase name="googleCH" time="13.654" classname="org.testNGEx3.ParallelMethodEx1"/>
  <system-out/>
</testsuite> <!-- org.testNGEx3.ParallelMethodEx1 -->
