<?xml version="1.0" encoding="UTF-8"?>
<!-- Generated by org.testng.reporters.JUnitReportReporter -->
<testsuite skipped="0" hostname="DESKTOP-84CJOHJ" name="org.TestNGEx.PriorityEx2" tests="5" failures="0" timestamp="2022-07-30T16:02:58 IST" time="0.035" errors="0">
  <testcase name="test5" time="0.019" classname="org.TestNGEx.PriorityEx2"/>
  <system-out/>
  <testcase name="test4" time="0.007" classname="org.TestNGEx.PriorityEx2"/>
  <system-out/>
  <testcase name="test2" time="0.006" classname="org.TestNGEx.PriorityEx2"/>
  <system-out/>
  <testcase name="test1" time="0.002" classname="org.TestNGEx.PriorityEx2"/>
  <system-out/>
  <testcase name="test3" time="0.001" classname="org.TestNGEx.PriorityEx2"/>
  <system-out/>
</testsuite> <!-- org.TestNGEx.PriorityEx2 -->
