<?xml version="1.0" encoding="UTF-8"?>
<!-- Generated by org.testng.reporters.JUnitReportReporter -->
<testsuite skipped="0" hostname="DESKTOP-84CJOHJ" name="org.TestNGEx.AscciValue" tests="5" failures="0" timestamp="2022-07-30T17:00:16 IST" time="0.020" errors="0">
  <testcase name="yogesh" time="0.001" classname="org.TestNGEx.AscciValue"/>
  <system-out/>
  <testcase name="vaibhav" time="0.003" classname="org.TestNGEx.AscciValue"/>
  <system-out/>
  <testcase name="Manohar" time="0.001" classname="org.TestNGEx.AscciValue"/>
  <system-out/>
  <testcase name="Atul" time="0.014" classname="org.TestNGEx.AscciValue"/>
  <system-out/>
  <testcase name="Sanket" time="0.001" classname="org.TestNGEx.AscciValue"/>
  <system-out/>
</testsuite> <!-- org.TestNGEx.AscciValue -->
