<?xml version="1.0" encoding="UTF-8"?>
<!-- Generated by org.testng.reporters.JUnitReportReporter -->
<testsuite skipped="0" hostname="DESKTOP-84CJOHJ" name="org.testNGEx1.Ex1" tests="2" failures="0" timestamp="2023-01-30T23:41:19 IST" time="0.013" errors="0">
  <testcase name="test3" time="0.002" classname="org.testNGEx1.Ex1"/>
  <system-out/>
  <testcase name="test1" time="0.011" classname="org.testNGEx1.Ex1"/>
  <system-out/>
</testsuite> <!-- org.testNGEx1.Ex1 -->
