<?xml version="1.0" encoding="UTF-8"?>
<!-- Generated by org.testng.reporters.JUnitReportReporter -->
<testsuite skipped="0" hostname="DESKTOP-84CJOHJ" name="org.testNGPractice2.AccountManagerEx2" tests="3" failures="0" timestamp="2022-08-13T18:54:00 IST" time="0.024" errors="0">
  <testcase name="updateAccount" time="0.002" classname="org.testNGPractice2.AccountManagerEx2"/>
  <system-out/>
  <testcase name="deleteAccount" time="0.005" classname="org.testNGPractice2.AccountManagerEx2"/>
  <system-out/>
  <testcase name="createAccountr" time="0.017" classname="org.testNGPractice2.AccountManagerEx2"/>
  <system-out/>
</testsuite> <!-- org.testNGPractice2.AccountManagerEx2 -->
