<?xml version="1.0" encoding="UTF-8"?>
<!-- Generated by org.testng.reporters.JUnitReportReporter -->
<testsuite skipped="0" hostname="DESKTOP-84CJOHJ" name="org.testNGEx3.GroupingEx1" tests="4" failures="0" timestamp="2022-09-07T19:49:49 IST" time="0.017" errors="0">
  <testcase name="umTest6" time="0.002" classname="org.testNGEx3.GroupingEx1"/>
  <system-out/>
  <testcase name="umTest8" time="0.001" classname="org.testNGEx3.GroupingEx1"/>
  <system-out/>
  <testcase name="umTest3" time="0.012" classname="org.testNGEx3.GroupingEx1"/>
  <system-out/>
  <testcase name="umTest4" time="0.002" classname="org.testNGEx3.GroupingEx1"/>
  <system-out/>
</testsuite> <!-- org.testNGEx3.GroupingEx1 -->
