<?xml version="1.0" encoding="UTF-8"?>
<!-- Generated by org.testng.reporters.JUnitReportReporter -->
<testsuite skipped="0" hostname="DESKTOP-84CJOHJ" name="org.testNGEx2.AccountTC1" tests="3" failures="0" timestamp="2022-09-07T19:25:26 IST" time="0.006" errors="0">
  <testcase name="deleteAccount" time="0.001" classname="org.testNGEx2.AccountTC1"/>
  <system-out/>
  <testcase name="creatAccount" time="0.003" classname="org.testNGEx2.AccountTC1"/>
  <system-out/>
  <testcase name="updateAccount" time="0.002" classname="org.testNGEx2.AccountTC1"/>
  <system-out/>
</testsuite> <!-- org.testNGEx2.AccountTC1 -->
