<?xml version="1.0" encoding="UTF-8"?>
<!-- Generated by org.testng.reporters.JUnitReportReporter -->
<testsuite skipped="0" hostname="DESKTOP-84CJOHJ" name="org.testNGPractice.ActitimeWithAnnotationsEx" tests="1" failures="0" timestamp="2022-08-02T21:02:25 IST" time="14.918" errors="0">
  <testcase name="verifyDashboardURL" time="14.918" classname="org.testNGPractice.ActitimeWithAnnotationsEx"/>
  <system-out/>
</testsuite> <!-- org.testNGPractice.ActitimeWithAnnotationsEx -->
