<?xml version="1.0" encoding="UTF-8"?>
<!-- Generated by org.testng.reporters.JUnitReportReporter -->
<testsuite skipped="0" hostname="DESKTOP-84CJOHJ" name="org.testNGPractice2.UserManagerEx3" tests="3" failures="0" timestamp="2022-08-03T12:31:56 IST" time="0.005" errors="0">
  <testcase name="deleteCustomer" time="0.003" classname="org.testNGPractice2.UserManagerEx3"/>
  <system-out/>
  <testcase name="createCustomer" time="0.002" classname="org.testNGPractice2.UserManagerEx3"/>
  <system-out/>
  <testcase name="updateCustomer" time="0.000" classname="org.testNGPractice2.UserManagerEx3"/>
  <system-out/>
</testsuite> <!-- org.testNGPractice2.UserManagerEx3 -->
