<?xml version="1.0" encoding="UTF-8"?>
<!-- Generated by org.testng.reporters.JUnitReportReporter -->
<testsuite skipped="0" hostname="DESKTOP-84CJOHJ" name="org.testNGEx3.ParallelMethodEx2" tests="2" failures="0" timestamp="2022-09-07T19:58:18 IST" time="45.148" errors="0">
  <testcase name="flipkartCH" time="23.957" classname="org.testNGEx3.ParallelMethodEx2"/>
  <system-out/>
  <testcase name="amazonEdge" time="21.191" classname="org.testNGEx3.ParallelMethodEx2"/>
  <system-out/>
</testsuite> <!-- org.testNGEx3.ParallelMethodEx2 -->
