<?xml version="1.0" encoding="UTF-8"?>
<!-- Generated by org.testng.reporters.JUnitReportReporter -->
<testsuite skipped="0" hostname="DESKTOP-84CJOHJ" name="org.testNGEx1.PriorityEx2" tests="8" failures="0" timestamp="2022-08-08T16:14:33 IST" time="0.034" errors="0">
  <testcase name="login" time="0.010" classname="org.testNGEx1.PriorityEx2"/>
  <system-out/>
  <testcase name="creatCustomer" time="0.005" classname="org.testNGEx1.PriorityEx2"/>
  <system-out/>
  <testcase name="CreatCustomer" time="0.001" classname="org.testNGEx1.PriorityEx2"/>
  <system-out/>
  <testcase name="UpdateCustomer" time="0.002" classname="org.testNGEx1.PriorityEx2"/>
  <system-out/>
  <testcase name="updateCustomer" time="0.004" classname="org.testNGEx1.PriorityEx2"/>
  <system-out/>
  <testcase name="deleteCustomer" time="0.006" classname="org.testNGEx1.PriorityEx2"/>
  <system-out/>
  <testcase name="DeleteCustomer" time="0.004" classname="org.testNGEx1.PriorityEx2"/>
  <system-out/>
  <testcase name="logout" time="0.002" classname="org.testNGEx1.PriorityEx2"/>
  <system-out/>
</testsuite> <!-- org.testNGEx1.PriorityEx2 -->
