<?xml version="1.0" encoding="UTF-8"?>
<!-- Generated by org.testng.reporters.JUnitReportReporter -->
<testsuite skipped="0" hostname="DESKTOP-84CJOHJ" name="org.testNGEx2.AnnotationsEx1" tests="2" failures="0" timestamp="2022-08-04T18:51:17 IST" time="22.292" errors="0">
  <testcase name="validateDashboardUrl" time="10.316" classname="org.testNGEx2.AnnotationsEx1"/>
  <system-out/>
  <testcase name="validateDashboardTitle" time="11.976" classname="org.testNGEx2.AnnotationsEx1"/>
  <system-out/>
</testsuite> <!-- org.testNGEx2.AnnotationsEx1 -->
