<?xml version="1.0" encoding="UTF-8"?>
<!-- Generated by org.testng.reporters.JUnitReportReporter -->
<testsuite skipped="0" hostname="DESKTOP-84CJOHJ" name="org.testNGEx1.DuplicatePriorityEx" tests="8" failures="0" timestamp="2023-01-30T23:43:10 IST" time="0.031" errors="0">
  <testcase name="login" time="0.014" classname="org.testNGEx1.DuplicatePriorityEx"/>
  <system-out/>
  <testcase name="creatCustomer" time="0.005" classname="org.testNGEx1.DuplicatePriorityEx"/>
  <system-out/>
  <testcase name="CreatCustomer" time="0.002" classname="org.testNGEx1.DuplicatePriorityEx"/>
  <system-out/>
  <testcase name="UpdateCustomer" time="0.001" classname="org.testNGEx1.DuplicatePriorityEx"/>
  <system-out/>
  <testcase name="updateCustomer" time="0.002" classname="org.testNGEx1.DuplicatePriorityEx"/>
  <system-out/>
  <testcase name="deleteCustomer" time="0.002" classname="org.testNGEx1.DuplicatePriorityEx"/>
  <system-out/>
  <testcase name="DeleteCustomer" time="0.002" classname="org.testNGEx1.DuplicatePriorityEx"/>
  <system-out/>
  <testcase name="logout" time="0.003" classname="org.testNGEx1.DuplicatePriorityEx"/>
  <system-out/>
</testsuite> <!-- org.testNGEx1.DuplicatePriorityEx -->
