<?xml version="1.0" encoding="UTF-8"?>
<!-- Generated by org.testng.reporters.JUnitReportReporter -->
<testsuite skipped="0" hostname="DESKTOP-84CJOHJ" name="org.POM_TestCases.LoginTestCase" tests="2" failures="0" timestamp="2022-09-08T23:18:58 IST" time="20.003" errors="0">
  <testcase name="validateLoginPageTC001" time="9.306" classname="org.POM_TestCases.LoginTestCase"/>
  <system-out/>
  <testcase name="validateLoginFunctionalityTC002" time="10.697" classname="org.POM_TestCases.LoginTestCase"/>
  <system-out/>
</testsuite> <!-- org.POM_TestCases.LoginTestCase -->
