<?xml version="1.0" encoding="UTF-8"?>
<!-- Generated by org.testng.reporters.JUnitReportReporter -->
<testsuite skipped="0" hostname="DESKTOP-84CJOHJ" name="org.testNGEx2.AnnotationsEx2" tests="2" failures="0" timestamp="2022-09-05T19:02:45 IST" time="0.009" errors="0">
  <testcase name="test2" time="0.003" classname="org.testNGEx2.AnnotationsEx2"/>
  <system-out/>
  <testcase name="test1" time="0.006" classname="org.testNGEx2.AnnotationsEx2"/>
  <system-out/>
</testsuite> <!-- org.testNGEx2.AnnotationsEx2 -->
