<?xml version="1.0" encoding="UTF-8"?>
<!-- Generated by org.testng.reporters.JUnitReportReporter -->
<testsuite skipped="0" hostname="DESKTOP-84CJOHJ" name="org.testNGEx1.PriorityEx3" tests="1" failures="0" timestamp="2022-09-08T23:42:12 IST" time="0.009" errors="0">
  <testcase name="login" time="0.009" classname="org.testNGEx1.PriorityEx3"/>
  <system-out/>
</testsuite> <!-- org.testNGEx1.PriorityEx3 -->
