<?xml version="1.0" encoding="UTF-8"?>
<!-- Generated by org.testng.reporters.JUnitReportReporter -->
<testsuite skipped="0" hostname="DESKTOP-84CJOHJ" name="org.testNGPracticeEx3.ParalleltEx1" tests="2" failures="0" timestamp="2022-08-14T22:18:28 IST" time="22.601" errors="0">
  <testcase name="creatCustomerCH" time="10.368" classname="org.testNGPracticeEx3.ParalleltEx1"/>
  <system-out/>
  <testcase name="creatCustomerFF" time="12.233" classname="org.testNGPracticeEx3.ParalleltEx1"/>
  <system-out/>
</testsuite> <!-- org.testNGPracticeEx3.ParalleltEx1 -->
