<?xml version="1.0" encoding="UTF-8"?>
<!-- Generated by org.testng.reporters.JUnitReportReporter -->
<testsuite skipped="1" hostname="DESKTOP-84CJOHJ" name="org.testNGPracticeEx3.EnableDisableEx" tests="3" failures="0" timestamp="2022-08-05T00:38:48 IST" time="0.012" errors="0">
  <testcase name="updateAccount" time="0.002" classname="org.testNGPracticeEx3.EnableDisableEx"/>
  <system-out/>
  <testcase name="createAccountr" time="0.010" classname="org.testNGPracticeEx3.EnableDisableEx"/>
  <system-out/>
  <testcase name="deleteAccount" classname="org.testNGPracticeEx3.EnableDisableEx">
    <skipped/>
  </testcase> <!-- deleteAccount -->
  <system-out/>
</testsuite> <!-- org.testNGPracticeEx3.EnableDisableEx -->
